<?xml version="1.0" encoding="UTF-8"?>
<testng-results ignored="0" total="2" passed="2" failed="0" skipped="0">
  <reporter-output>
  </reporter-output>
  <suite started-at="2024-05-21T22:18:19 IST" name="Carina Demo Tests - Hello World" finished-at="2024-05-21T22:18:29 IST" duration-ms="10055">
    <groups>
      <group name="cucumber">
        <method signature="AbstractTestNGCucumberTests.runScenario(io.cucumber.testng.PickleWrapper,io.cucumber.testng.FeatureWrapper)[pri:0, instance:runnerClass.CucumberWebSampleTest@5bda80bf]" name="runScenario" class="io.cucumber.testng.AbstractTestNGCucumberTests"/>
      </group> <!-- cucumber -->
    </groups>
    <test started-at="2024-05-21T22:18:19 IST" name="Carina Framework Tests" finished-at="2024-05-21T22:18:29 IST" duration-ms="10055">
      <class name="runnerClass.CucumberWebSampleTest">
        <test-method is-config="true" signature="setUpClass()[pri:0, instance:runnerClass.CucumberWebSampleTest@5bda80bf]" started-at="2024-05-21T22:18:19 IST" name="setUpClass" finished-at="2024-05-21T22:18:19 IST" duration-ms="555" status="PASS">
          <reporter-output>
          </reporter-output>
        </test-method> <!-- setUpClass -->
        <test-method signature="runScenario(io.cucumber.testng.PickleWrapper,io.cucumber.testng.FeatureWrapper)[pri:0, instance:runnerClass.CucumberWebSampleTest@5bda80bf]" started-at="2024-05-21T22:18:19 IST" name="runScenario" description="Runs Cucumber Scenarios" data-provider="scenarios" finished-at="2024-05-21T22:18:28 IST" duration-ms="8640" status="PASS">
          <params>
            <param index="0">
              <value>
                <![CDATA["Perform operations on API like GET,POST,PUT,PATCH,DELETE"]]>
              </value>
            </param>
            <param index="1">
              <value>
                <![CDATA["Optional[Verify the get post in the API]"]]>
              </value>
            </param>
          </params>
          <reporter-output>
          </reporter-output>
        </test-method> <!-- runScenario -->
        <test-method signature="runScenario(io.cucumber.testng.PickleWrapper,io.cucumber.testng.FeatureWrapper)[pri:0, instance:runnerClass.CucumberWebSampleTest@5bda80bf]" started-at="2024-05-21T22:18:28 IST" name="runScenario" description="Runs Cucumber Scenarios" data-provider="scenarios" finished-at="2024-05-21T22:18:29 IST" duration-ms="500" status="PASS">
          <params>
            <param index="0">
              <value>
                <![CDATA["I want to verify that the user is created in MySQL"]]>
              </value>
            </param>
            <param index="1">
              <value>
                <![CDATA["Optional[DB Test]"]]>
              </value>
            </param>
          </params>
          <reporter-output>
          </reporter-output>
        </test-method> <!-- runScenario -->
        <test-method is-config="true" signature="tearDownClass()[pri:0, instance:runnerClass.CucumberWebSampleTest@5bda80bf]" started-at="2024-05-21T22:18:29 IST" name="tearDownClass" finished-at="2024-05-21T22:18:29 IST" duration-ms="285" status="PASS">
          <reporter-output>
          </reporter-output>
        </test-method> <!-- tearDownClass -->
      </class> <!-- runnerClass.CucumberWebSampleTest -->
    </test> <!-- Carina Framework Tests -->
  </suite> <!-- Carina Demo Tests - Hello World -->
</testng-results>
