<?xml version="1.0" encoding="UTF-8"?>
<testsuite xmlns:xsi="http://www.w3.org/2001/XMLSchema-instance" xsi:noNamespaceSchemaLocation="https://maven.apache.org/surefire/maven-surefire-plugin/xsd/surefire-test-report-3.0.xsd" version="3.0" name="TestSuite" time="11.526" tests="2" errors="0" skipped="0" failures="0">
  <properties>
[...]
</properties>
  <testcase name="runScenario[&quot;Perform operations on API like GET,POST,PUT,PATCH,DELETE&quot;, &quot;Optional[Verify the get post in the API]&quot;](1)" classname="runnerClass.CucumberWebSampleTest" time="8.656">
    <system-out><![CDATA[2024-05-21 22:18:19 TestRunRegistrar [main] [WARN] Reporting disabled: using no op test run registrar

@SmokeTest
Scenario: Perform operations on API like GET,POST,PUT,PATCH,DELETE # src/test/resources/features/api_Test.feature:6
Commaon steps
  Given Get the API Base URI                                       # com.qapropsoft.carina.demo.APIBasicTest.get_the_api_base_uri()
Request method:	GET
Request URI:	https://petstore.swagger.io/v2/pet/findByStatus?status=pending
Proxy:			<none>
Request params:	<none>
Query params:	<none>
Form params:	<none>
Path params:	<none>
Headers:		accept=application/json
				Content-Type=application/json
Cookies:		<none>
Multiparts:		<none>
Body:			<none>
HTTP/1.1 200 OK
Date: Tue, 21 May 2024 16:48:42 GMT
Content-Type: application/json
Transfer-Encoding: chunked
Connection: keep-alive
Access-Control-Allow-Origin: *
Access-Control-Allow-Methods: GET, POST, DELETE, PUT
Access-Control-Allow-Headers: Content-Type, api_key, Authorization
Server: Jetty(9.2.9.v20150224)

[
    {
        "id": 37193747,
        "category": {
            "id": 41053860,
            "name": "adipisicing cillum culpa consequat aliqua"
        },
        "name": "doggie",
        "photoUrls": [
            "deserunt magna sit ullamco consequat",
            "ex pariatur commodo reprehenderit in"
        ],
        "tags": [
            {
                "id": 46959469,
                "name": "aliquip in reprehenderit fugiat"
            },
            {
                "id": -15442745,
                "name": "id d"
            }
        ],
        "status": "pending"
    },
    {
        "id": 82901748,
        "category": {
            "id": 7962040,
            "name": "culpa fugiat consequat"
        },
        "name": "doggie",
        "photoUrls": [
            "elit proident non",
            "Excepteur ex in incididunt enim"
        ],
        "tags": [
            {
                "id": -75108271,
                "name": "sit anim"
            },
            {
                "id": -85364496,
                "name": "ipsum"
            }
        ],
        "status": "pending"
    },
    {
        "id": 1313,
        "category": {
            "id": 101,
            "name": "testcategory"
        },
        "name": "getcat",
        "photoUrls": [
            "a.png",
            "b.png"
        ],
        "tags": [
            {
                "id": 102,
                "name": "testtag1"
            },
            {
                "id": 103,
                "name": "testtag2"
            }
        ],
        "status": "pending"
    },
    {
        "id": 12011993,
        "category": {
            "id": 1,
            "name": "cat"
        },
        "name": "Myrka",
        "photoUrls": [
            
        ],
        "tags": [
            
        ],
        "status": "pending"
    },
    {
        "id": 22801,
        "category": {
            "id": 0,
            "name": "string"
        },
        "name": "Labrador",
        "photoUrls": [
            "string"
        ],
        "tags": [
            {
                "id": 0,
                "name": "string"
            }
        ],
        "status": "pending"
    },
    {
        "id": 40634,
        "category": {
            "id": 0,
            "name": "string"
        },
        "name": "Labrador",
        "photoUrls": [
            "string"
        ],
        "tags": [
            {
                "id": 0,
                "name": "string"
            }
        ],
        "status": "pending"
    },
    {
        "id": 31662904,
        "category": {
            "id": -72976378,
            "name": "consequat commodo dolor"
        },
        "name": "doggie",
        "photoUrls": [
            "dolor",
            "aliquip"
        ],
        "tags": [
            {
                "id": -81536039,
                "name": "officia non exercitation laborum"
            },
            {
                "id": -81700539,
                "name": "sed quis"
            }
        ],
        "status": "pending"
    },
    {
        "id": 30357,
        "category": {
            "id": 0,
            "name": "string"
        },
        "name": "Labrador",
        "photoUrls": [
            "string"
        ],
        "tags": [
            {
                "id": 0,
                "name": "string"
            }
        ],
        "status": "pending"
    },
    {
        "id": 23614,
        "category": {
            "id": 0,
            "name": "string"
        },
        "name": "Labrador",
        "photoUrls": [
            "string"
        ],
        "tags": [
            {
                "id": 0,
                "name": "string"
            }
        ],
        "status": "pending"
    },
    {
        "id": 8031998,
        "category": {
            "id": 2,
            "name": "cat"
        },
        "name": "Marko",
        "photoUrls": [
            "string"
        ],
        "tags": [
            {
                "id": 0,
                "name": "string"
            }
        ],
        "status": "pending"
    },
    {
        "id": 12368964,
        "category": {
            "id": 0,
            "name": "hovrah"
        },
        "name": "hovrashok",
        "photoUrls": [
            "string"
        ],
        "tags": [
            {
                "id": 0,
                "name": "string"
            }
        ],
        "status": "pending"
    },
    {
        "id": 23434897889,
        "category": {
            "id": 0,
            "name": "hovrah"
        },
        "name": "!",
        "photoUrls": [
            "string"
        ],
        "tags": [
            {
                "id": 0,
                "name": "string"
            }
        ],
        "status": "pending"
    },
    {
        "id": 182,
        "category": {
            "id": 196,
            "name": "cat"
        },
        "name": "Amely",
        "photoUrls": [
            "http://placeimg.com/640/480/cats"
        ],
        "tags": [
            {
                "id": 931,
                "name": "BW"
            }
        ],
        "status": "pending"
    },
    {
        "id": 602,
        "name": "Amya",
        "photoUrls": [
            "http://placeimg.com/640/480/cats"
        ],
        "tags": [
            {
                "id": 392,
                "name": "BW"
            }
        ],
        "status": "pending"
    },
    {
        "id": 740,
        "category": {
            "id": 243,
            "name": "cat"
        },
        "name": "Dayton",
        "photoUrls": [
            "http://placeimg.com/640/480/cats"
        ],
        "tags": [
            {
                "id": 189,
                "name": "BW"
            }
        ],
        "status": "pending"
    },
    {
        "id": 496,
        "name": "Travis",
        "photoUrls": [
            "http://placeimg.com/640/480/cats"
        ],
        "tags": [
            {
                "id": 335,
                "name": "BW"
            }
        ],
        "status": "pending"
    }
]
1----------------------------------end
  Given Get call to url test the API                               # com.qapropsoft.carina.demo.APIBasicTest.get_call_to_https_reqres_in_api_users_page()
-------------Test 2 Post pet ------------
Request method:	POST
Request URI:	https://petstore.swagger.io/v2/pet
Proxy:			<none>
Request params:	<none>
Query params:	<none>
Form params:	<none>
Path params:	<none>
Headers:		accept=application/json
				Content-Type=application/json
Cookies:		<none>
Multiparts:		<none>
Body:
.\payload.json
HTTP/1.1 200 OK
Date: Tue, 21 May 2024 16:48:43 GMT
Content-Type: application/json
Transfer-Encoding: chunked
Connection: keep-alive
Access-Control-Allow-Origin: *
Access-Control-Allow-Methods: GET, POST, DELETE, PUT
Access-Control-Allow-Headers: Content-Type, api_key, Authorization
Server: Jetty(9.2.9.v20150224)

{
    "id": 9223372036854775807,
    "category": {
        "id": 0,
        "name": "string"
    },
    "name": "doggie",
    "photoUrls": [
        "string"
    ],
    "tags": [
        {
            "id": 0,
            "name": "string"
        }
    ],
    "status": "available"
}
9223372036854775807
2------------------------end
  When Response code is storing PostPet                            # com.qapropsoft.carina.demo.APIBasicTest.response_code_is()
-------------Test 3 put pet ------------
Request method:	PUT
Request URI:	https://petstore.swagger.io/v2/pet/
Proxy:			<none>
Request params:	<none>
Query params:	<none>
Form params:	<none>
Path params:	<none>
Headers:		accept=application/json
				Content-Type=application/json
Cookies:		<none>
Multiparts:		<none>
Body:
{
    "id": 9223372036854775807,
    "category": {
        "id": 0,
        "name": "updated string"
    },
    "name": "doggie name updated",
    "photoUrls": [
        "string"
    ],
    "tags": [
        {
            "id": 0,
            "name": "string updated"
        }
    ],
    "status": "sold"
}
HTTP/1.1 200 OK
Date: Tue, 21 May 2024 16:48:45 GMT
Content-Type: application/json
Transfer-Encoding: chunked
Connection: keep-alive
Access-Control-Allow-Origin: *
Access-Control-Allow-Methods: GET, POST, DELETE, PUT
Access-Control-Allow-Headers: Content-Type, api_key, Authorization
Server: Jetty(9.2.9.v20150224)

{
    "id": 9223372036854775807,
    "category": {
        "id": 0,
        "name": "updated string"
    },
    "name": "doggie name updated",
    "photoUrls": [
        "string"
    ],
    "tags": [
        {
            "id": 0,
            "name": "string updated"
        }
    ],
    "status": "sold"
}
3rd -------------------------end
  And Update pet details PutPet                                    # com.qapropsoft.carina.demo.APIBasicTest.update_pet_details_put_pet()
----------postUpdate---------
Request method:	POST
Request URI:	https://petstore.swagger.io/v2/pet/9223372036854775807
Proxy:			<none>
Request params:	<none>
Query params:	<none>
Form params:	name=DogUpdated
				status=sold
Path params:	<none>
Headers:		accept=application/json
				Content-Type=application/x-www-form-urlencoded; charset=ISO-8859-1
Cookies:		<none>
Multiparts:		<none>
Body:			<none>
HTTP/1.1 200 OK
Date: Tue, 21 May 2024 16:48:46 GMT
Content-Type: application/json
Transfer-Encoding: chunked
Connection: keep-alive
Access-Control-Allow-Origin: *
Access-Control-Allow-Methods: GET, POST, DELETE, PUT
Access-Control-Allow-Headers: Content-Type, api_key, Authorization
Server: Jetty(9.2.9.v20150224)

{
    "code": 200,
    "type": "unknown",
    "message": "9223372036854775807"
}
4th -------------------end
  And Update pet details PostUpdate                                # com.qapropsoft.carina.demo.APIBasicTest.update_pet_details_post_update()
---------Delete---------------
Request method:	DELETE
Request URI:	https://petstore.swagger.io/v2/pet/9223372036854775807
Proxy:			<none>
Request params:	<none>
Query params:	<none>
Form params:	<none>
Path params:	<none>
Headers:		accept=application/json
				Content-Type=application/json
Cookies:		<none>
Multiparts:		<none>
Body:			<none>
HTTP/1.1 200 OK
Date: Tue, 21 May 2024 16:48:47 GMT
Content-Type: application/json
Transfer-Encoding: chunked
Connection: keep-alive
Access-Control-Allow-Origin: *
Access-Control-Allow-Methods: GET, POST, DELETE, PUT
Access-Control-Allow-Headers: Content-Type, api_key, Authorization
Server: Jetty(9.2.9.v20150224)

{
    "code": 200,
    "type": "unknown",
    "message": "9223372036854775807"
}
5th ---------------------end
  Then Delete the pet DeletePet                                    # com.qapropsoft.carina.demo.APIBasicTest.delete_the_pet_delete_pet()
2024-05-21 22:18:28 TestRunRegistrar [TestNG-test-Carina Framework Tests-1] [WARN] Reporting disabled: using no op test run registrar
]]></system-out>
    <system-err><![CDATA[log4j:WARN No appenders could be found for logger (org.apache.http.impl.conn.BasicClientConnectionManager).
log4j:WARN Please initialize the log4j system properly.
log4j:WARN See http://logging.apache.org/log4j/1.2/faq.html#noconfig for more info.
]]></system-err>
  </testcase>
  <testcase name="runScenario[&quot;I want to verify that the user is created in MySQL&quot;, &quot;Optional[DB Test]&quot;](2)" classname="runnerClass.CucumberWebSampleTest" time="0.499">
    <system-out><![CDATA[
@SanityTest
Scenario: I want to verify that the user is created in MySQL # src/test/resources/features/db_test.feature:3
Start1--------------
The DB is Connected
  Given Database is connected                                # com.qapropsoft.carina.demo.DBTestStep.database_is_connected()
Start2--------------
The Query is Executed
  When I run the query                                       # com.qapropsoft.carina.demo.DBTestStep.i_run_the_query()
Start3--------------
The Result is returned
  Then I should see the user created                         # com.qapropsoft.carina.demo.DBTestStep.i_should_see_the_user_created()
Start4--------------
  Then I should see the customer account deleted             # com.qapropsoft.carina.demo.DBTestStep.i_should_see_the_customer_account_deleted()
Start5--------------
  Then I should see the customer details updated             # com.qapropsoft.carina.demo.DBTestStep.i_should_see_the_customer_details_updated()
2024-05-21 22:18:29 TestRunRegistrar [TestNG-test-Carina Framework Tests-1-34] [WARN] Reporting disabled: using no op test run registrar
]]></system-out>
    <system-err><![CDATA[Loading class `com.mysql.jdbc.Driver'. This is deprecated. The new driver class is `com.mysql.cj.jdbc.Driver'. The driver is automatically registered via the SPI and manual loading of the driver class is generally unnecessary.
]]></system-err>
  </testcase>
</testsuite>